[10May2026 09:59:21.164] [main/INFO] [cpw.mods.modlauncher.Launcher/MODLAUNCHER]: ModLauncher running: args [--launchTarget, forgeclientdev, --version, 21.1.218, --assetIndex, 17, --assetsDir, /Users/ashwinavadhanula/.gradle/caches/neoformruntime/assets, --gameDir, ., --fml.fmlVersion, 4.0.42, --fml.mcVersion, 1.21.1, --fml.neoForgeVersion, 21.1.218, --fml.neoFormVersion, 20240808.144430]
[10May2026 09:59:21.165] [main/INFO] [cpw.mods.modlauncher.Launcher/MODLAUNCHER]: JVM identified as Amazon.com Inc. OpenJDK 64-Bit Server VM 21.0.4+7-LTS
[10May2026 09:59:21.166] [main/INFO] [cpw.mods.modlauncher.Launcher/MODLAUNCHER]: ModLauncher 11.0.5+main.901c6ea8 starting: java version 21.0.4 by Amazon.com Inc.; OS Mac OS X arch aarch64 version 15.7.3
[10May2026 09:59:21.205] [main/INFO] [net.neoforged.fml.loading.ImmediateWindowHandler/]: Loading ImmediateWindowProvider fmlearlywindow
[10May2026 09:59:21.644] [main/INFO] [EARLYDISPLAY/]: Trying GL version 4.6
[10May2026 09:59:21.686] [main/INFO] [EARLYDISPLAY/]: Trying GL version 4.5
[10May2026 09:59:21.696] [main/INFO] [EARLYDISPLAY/]: Trying GL version 4.4
[10May2026 09:59:21.704] [main/INFO] [EARLYDISPLAY/]: Trying GL version 4.3
[10May2026 09:59:21.711] [main/INFO] [EARLYDISPLAY/]: Trying GL version 4.2
[10May2026 09:59:21.718] [main/INFO] [EARLYDISPLAY/]: Trying GL version 4.1
[10May2026 09:59:21.731] [main/INFO] [EARLYDISPLAY/]: Requested GL version 4.1 got version 4.1
[10May2026 09:59:21.920] [main/INFO] [mixin/]: SpongePowered MIXIN Subsystem Version=0.8.7 Source=union:/Users/ashwinavadhanula/.gradle/caches/modules-2/files-2.1/net.fabricmc/sponge-mixin/0.15.2+mixin.0.8.7/2af2f021d8e02a0220dc27a7a72b4666d66d44ca/sponge-mixin-0.15.2+mixin.0.8.7.jar%23132!/ Service=ModLauncher Env=CLIENT
[10May2026 09:59:22.038] [main/INFO] [net.neoforged.fml.loading.moddiscovery.locators.JarInJarDependencyLocator/]: Found 2 dependencies adding them to mods collection
[10May2026 09:59:22.039] [main/INFO] [net.neoforged.fml.loading.moddiscovery.ModDiscoverer/]: 
     Mod List:
		Name Version (Mod Id)

		Augmented Backpacks 0.0NONE (augmented)
		Backpacked 3.0.0 (backpacked)
		Framework 0.13.10 (framework)
		Minecraft 1.21.1 (minecraft)
		NeoForge 21.1.218 (neoforge)
[10May2026 09:59:22.166] [pool-2-thread-1/INFO] [EARLYDISPLAY/]: GL info: Apple M3 Pro GL version 4.1 Metal - 89.4, Apple
[10May2026 09:59:22.370] [main/INFO] [mixin/]: Compatibility level set to JAVA_17
[10May2026 09:59:22.372] [main/INFO] [cpw.mods.modlauncher.LaunchServiceHandler/MODLAUNCHER]: Launching target 'forgeclientdev' with arguments [--version, 21.1.218, --gameDir, ., --assetsDir, /Users/ashwinavadhanula/.gradle/caches/neoformruntime/assets, --assetIndex, 17]
[10May2026 09:59:22.384] [main/WARN] [mixin/]: Reference map 'backpacked.refmap.json' for backpacked.common.mixins.json could not be read. If this is a development environment you can ignore this message
[10May2026 09:59:23.013] [Datafixer Bootstrap/INFO] [com.mojang.datafixers.DataFixerBuilder/]: 229 Datafixer optimizations took 119 milliseconds
[10May2026 09:59:23.415] [pool-9-thread-1/INFO] [MixinExtras|Service/]: Initializing MixinExtras via com.llamalad7.mixinextras.service.MixinExtrasServiceImpl(version=0.5.0).
[10May2026 09:59:25.894] [main/WARN] [net.minecraft.commands.Commands/]: Ambiguity between arguments [teleport, location] and [teleport, destination] with inputs: [0.1 -0.5 .9, 0 0 0]
[10May2026 09:59:25.895] [main/WARN] [net.minecraft.commands.Commands/]: Ambiguity between arguments [teleport, location] and [teleport, targets] with inputs: [0.1 -0.5 .9, 0 0 0]
[10May2026 09:59:25.896] [main/WARN] [net.minecraft.commands.Commands/]: Ambiguity between arguments [teleport, destination] and [teleport, targets] with inputs: [Player, 0123, @e, dd12be42-52a9-4a91-a8a1-11c01849e498]
[10May2026 09:59:25.897] [main/WARN] [net.minecraft.commands.Commands/]: Ambiguity between arguments [teleport, targets] and [teleport, destination] with inputs: [Player, 0123, dd12be42-52a9-4a91-a8a1-11c01849e498]
[10May2026 09:59:25.898] [main/WARN] [net.minecraft.commands.Commands/]: Ambiguity between arguments [teleport, targets, location] and [teleport, targets, destination] with inputs: [0.1 -0.5 .9, 0 0 0]
[10May2026 09:59:25.949] [Render thread/WARN] [net.minecraft.server.packs.VanillaPackResourcesBuilder/]: Assets URL 'union:/Users/ashwinavadhanula/Ash/Minecraft%20Mod/Augmented-Backpacks/Augmented-Backpacks/build/moddev/artifacts/neoforge-21.1.218-minecraft-merged.jar%23184!/assets/.mcassetsroot' uses unexpected schema
[10May2026 09:59:25.950] [Render thread/WARN] [net.minecraft.server.packs.VanillaPackResourcesBuilder/]: Assets URL 'union:/Users/ashwinavadhanula/Ash/Minecraft%20Mod/Augmented-Backpacks/Augmented-Backpacks/build/moddev/artifacts/neoforge-21.1.218-minecraft-merged.jar%23184!/data/.mcassetsroot' uses unexpected schema
[10May2026 09:59:25.959] [Render thread/INFO] [com.mojang.authlib.yggdrasil.YggdrasilAuthenticationService/]: Environment: Environment[sessionHost=https://sessionserver.mojang.com, servicesHost=https://api.minecraftservices.com, name=PROD]
[10May2026 09:59:25.962] [Render thread/INFO] [net.minecraft.client.Minecraft/]: Setting user: Dev
[10May2026 09:59:25.991] [Render thread/INFO] [net.minecraft.client.Minecraft/]: Backend library: LWJGL version 3.3.3+5
[10May2026 09:59:26.206] [modloading-worker-0/INFO] [Augmented Backpacks/]: Initializing Augmented Backpacks - Adding crafting augment to Backpacked
[10May2026 09:59:26.213] [modloading-worker-0/INFO] [Augmented Backpacks/]: Crafting augment registered
[10May2026 09:59:26.213] [modloading-worker-0/INFO] [net.neoforged.neoforge.common.NeoForgeMod/NEOFORGE-MOD]: NeoForge mod loading, version 21.1.218, for MC 1.21.1
[10May2026 09:59:26.708] [Render thread/INFO] [net.neoforged.neoforge.gametest.GameTestHooks/]: Enabled Gametest Namespaces: []
[10May2026 09:59:26.840] [Render thread/INFO] [net.minecraft.server.packs.resources.ReloadableResourceManager/]: Reloading ResourceManager: vanilla, mod_resources, mod/backpacked, mod/framework, mod/augmented, mod/neoforge
[10May2026 09:59:26.899] [Render thread/INFO] [Framework/SYNCED_ENTITY_DATA]: Registered synced data key backpacked:unlock_tracker for minecraft:player
[10May2026 09:59:26.899] [Render thread/INFO] [Framework/SYNCED_ENTITY_DATA]: Registered synced data key backpacked:trader_pickpocketing for minecraft:wandering_trader
[10May2026 09:59:26.899] [Render thread/INFO] [Framework/SYNCED_ENTITY_DATA]: Registered synced data key backpacked:backpack for minecraft:player
[10May2026 09:59:26.899] [Render thread/INFO] [Framework/SYNCED_ENTITY_DATA]: Registered synced data key backpacked:backpacks for minecraft:player
[10May2026 09:59:26.899] [Render thread/INFO] [Framework/SYNCED_ENTITY_DATA]: Registered synced data key backpacked:cosmetic_backpack for minecraft:player
[10May2026 09:59:26.899] [Render thread/INFO] [Framework/SYNCED_ENTITY_DATA]: Registered synced data key backpacked:selected_backpack for minecraft:player
[10May2026 09:59:26.899] [Render thread/INFO] [Framework/SYNCED_ENTITY_DATA]: Registered synced data key backpacked:unlockable_backpack_slots for minecraft:player
[10May2026 09:59:26.899] [Render thread/INFO] [Framework/SYNCED_ENTITY_DATA]: Registered synced data key backpacked:immortal_cooldown for minecraft:player
[10May2026 09:59:26.900] [Render thread/INFO] [Framework/SYNCED_ENTITY_DATA]: Registered synced data key backpacked:backpack_scale for minecraft:player
[10May2026 09:59:26.901] [Worker-Main-8/INFO] [net.minecraft.client.gui.font.providers.UnihexProvider/]: Found unifont_all_no_pua-15.1.05.hex, loading
[10May2026 09:59:26.974] [Worker-Main-4/INFO] [net.minecraft.client.gui.font.providers.UnihexProvider/]: Found unifont_jp_patch-15.1.05.hex, loading
[10May2026 09:59:27.010] [Render thread/INFO] [Augmented Backpacks/]: Successfully registered crafting augment GUI menu
[10May2026 09:59:27.730] [Render thread/INFO] [Augmented Backpacks/]: === REGISTERING PACKETS ===
[10May2026 09:59:27.731] [Render thread/INFO] [Augmented Backpacks/]: Registered CraftItemPacket to server with ID: augmented:craft_item
[10May2026 09:59:27.762] [Render thread/ERROR] [net.minecraft.client.sounds.SoundManager/]: Missing subtitle translation{key='subtitle.backpacked.backpack.place', args=[]} for sound event: backpacked:item.backpack.place
[10May2026 09:59:27.763] [Render thread/ERROR] [net.minecraft.client.sounds.SoundManager/]: Missing subtitle translation{key='subtitle.backpacked.augment.lootbound.take_item', args=[]} for sound event: backpacked:augment.backpacked.lootbound.take_item
[10May2026 09:59:27.763] [Render thread/WARN] [net.minecraft.client.sounds.SoundEngine/]: Missing sound for event: minecraft:item.goat_horn.play
[10May2026 09:59:27.763] [Render thread/WARN] [net.minecraft.client.sounds.SoundEngine/]: Missing sound for event: minecraft:entity.goat.screaming.horn_break
[10May2026 09:59:27.857] [Render thread/INFO] [com.mojang.blaze3d.audio.Library/]: OpenAL initialized on device MacBook Pro Speakers
[10May2026 09:59:27.858] [Render thread/INFO] [net.minecraft.client.sounds.SoundEngine/SOUNDS]: Sound engine started
[10May2026 09:59:27.915] [Render thread/INFO] [net.minecraft.client.renderer.texture.TextureAtlas/]: Created: 1024x512x4 minecraft:textures/atlas/blocks.png-atlas
[10May2026 09:59:27.922] [Render thread/INFO] [net.minecraft.client.renderer.texture.TextureAtlas/]: Created: 256x256x4 minecraft:textures/atlas/signs.png-atlas
[10May2026 09:59:27.922] [Render thread/INFO] [net.minecraft.client.renderer.texture.TextureAtlas/]: Created: 512x512x4 minecraft:textures/atlas/shield_patterns.png-atlas
[10May2026 09:59:27.923] [Render thread/INFO] [net.minecraft.client.renderer.texture.TextureAtlas/]: Created: 512x512x4 minecraft:textures/atlas/banner_patterns.png-atlas
[10May2026 09:59:27.923] [Render thread/INFO] [net.minecraft.client.renderer.texture.TextureAtlas/]: Created: 1024x1024x4 minecraft:textures/atlas/armor_trims.png-atlas
[10May2026 09:59:27.926] [Render thread/INFO] [net.minecraft.client.renderer.texture.TextureAtlas/]: Created: 128x64x4 minecraft:textures/atlas/decorated_pot.png-atlas
[10May2026 09:59:27.927] [Render thread/INFO] [net.minecraft.client.renderer.texture.TextureAtlas/]: Created: 256x256x4 minecraft:textures/atlas/chest.png-atlas
[10May2026 09:59:27.927] [Render thread/INFO] [net.minecraft.client.renderer.texture.TextureAtlas/]: Created: 512x256x4 minecraft:textures/atlas/shulker_boxes.png-atlas
[10May2026 09:59:27.927] [Render thread/INFO] [net.minecraft.client.renderer.texture.TextureAtlas/]: Created: 512x256x4 minecraft:textures/atlas/beds.png-atlas
[10May2026 09:59:27.983] [Render thread/INFO] [net.minecraft.client.renderer.texture.TextureAtlas/]: Created: 512x256x0 minecraft:textures/atlas/particles.png-atlas
[10May2026 09:59:27.984] [Render thread/INFO] [net.minecraft.client.renderer.texture.TextureAtlas/]: Created: 512x256x0 minecraft:textures/atlas/paintings.png-atlas
[10May2026 09:59:27.984] [Render thread/INFO] [net.minecraft.client.renderer.texture.TextureAtlas/]: Created: 256x128x0 minecraft:textures/atlas/mob_effects.png-atlas
[10May2026 09:59:27.985] [Render thread/INFO] [net.minecraft.client.renderer.texture.TextureAtlas/]: Created: 64x64x0 minecraft:textures/atlas/map_decorations.png-atlas
[10May2026 09:59:27.985] [Render thread/INFO] [net.minecraft.client.renderer.texture.TextureAtlas/]: Created: 1024x512x0 minecraft:textures/atlas/gui.png-atlas
[10May2026 09:59:28.014] [Render thread/WARN] [net.minecraft.client.renderer.ShaderInstance/]: Shader rendertype_entity_translucent_emissive could not find sampler named Sampler2 in the specified shader program.
[10May2026 09:59:28.063] [Render thread/INFO] [net.neoforged.neoforge.client.entity.animation.json.AnimationLoader/]: Loaded 0 entity animations
[10May2026 09:59:33.823] [Render thread/INFO] [Backpacked/]: Looking for Backpacked addons in 'resourcepacks'
[10May2026 09:59:33.824] [Render thread/INFO] [Backpacked/]: Found 0 Backpacked addons
[10May2026 09:59:34.149] [Render thread/INFO] [net.minecraft.world.item.crafting.RecipeManager/]: Loaded 1301 recipes
[10May2026 09:59:34.231] [Render thread/INFO] [net.minecraft.advancements.AdvancementTree/]: Loaded 1410 advancements
[10May2026 09:59:34.235] [Render thread/INFO] [Backpacked/]: Adding backpack 'backpacked:bamboo_basket'
[10May2026 09:59:34.236] [Render thread/INFO] [Backpacked/]: Adding backpack 'backpacked:turtle_shell'
[10May2026 09:59:34.236] [Render thread/INFO] [Backpacked/]: Adding backpack 'backpacked:cardboard_box'
[10May2026 09:59:34.236] [Render thread/INFO] [Backpacked/]: Adding backpack 'backpacked:classic'
[10May2026 09:59:34.236] [Render thread/INFO] [Backpacked/]: Adding backpack 'backpacked:trash_can'
[10May2026 09:59:34.236] [Render thread/INFO] [Backpacked/]: Adding backpack 'backpacked:standard'
[10May2026 09:59:34.236] [Render thread/INFO] [Backpacked/]: Adding backpack 'backpacked:end_crystal'
[10May2026 09:59:34.236] [Render thread/INFO] [Backpacked/]: Adding backpack 'backpacked:vintage'
[10May2026 09:59:34.236] [Render thread/INFO] [Backpacked/]: Adding backpack 'backpacked:piglin_pack'
[10May2026 09:59:34.236] [Render thread/INFO] [Backpacked/]: Adding backpack 'backpacked:wandering_bag'
[10May2026 09:59:34.236] [Render thread/INFO] [Backpacked/]: Adding backpack 'backpacked:rocket'
[10May2026 09:59:34.237] [Render thread/INFO] [Backpacked/]: Adding backpack 'backpacked:mini_chest'
[10May2026 09:59:34.237] [Render thread/INFO] [Backpacked/]: Adding backpack 'backpacked:sheep_plush'
[10May2026 09:59:34.237] [Render thread/INFO] [Backpacked/]: Adding backpack 'backpacked:honey_jar'
[10May2026 09:59:36.364] [Render thread/INFO] [net.minecraft.client.Minecraft/]: Stopping!
